#
# There is insufficient memory for the Java Runtime Environment to continue.
# Native memory allocation (mmap) failed to map 134217728 bytes for G1 virtual space
# Possible reasons:
#   The system is out of physical RAM or swap space
#   The process is running with CompressedOops enabled, and the Java Heap may be blocking the growth of the native heap
# Possible solutions:
#   Reduce memory load on the system
#   Increase physical memory or swap space
#   Check if swap backing store is full
#   Decrease Java heap size (-Xmx/-Xms)
#   Decrease number of Java threads
#   Decrease Java thread stack sizes (-Xss)
#   Set larger code cache with -XX:ReservedCodeCacheSize=
#   JVM is running with Unscaled Compressed Oops mode in which the Java heap is
#     placed in the first 4GB address space. The Java Heap base address is the
#     maximum limit for the native heap growth. Please use -XX:HeapBaseMinAddress
#     to set the Java Heap base and to place the Java Heap above 4GB virtual address.
# This output file may be truncated or incomplete.
#
#  Out of Memory Error (os_windows.cpp:3536), pid=10768, tid=11136
#
# JRE version:  (19.0.2+7) (build )
# Java VM: OpenJDK 64-Bit Server VM (19.0.2+7-FR, mixed mode, sharing, tiered, compressed oops, compressed class ptrs, g1 gc, windows-amd64)
# No core dump will be written. Minidumps are not enabled by default on client versions of Windows
#

---------------  S U M M A R Y ------------

Command Line: -javaagent:C:\Program Files\JetBrains\IntelliJ IDEA 2022.3.2\lib\idea_rt.jar=2510:C:\Program Files\JetBrains\IntelliJ IDEA 2022.3.2\bin -Dfile.encoding=UTF-8 -Dsun.stdout.encoding=UTF-8 -Dsun.stderr.encoding=UTF-8 Main

Host: Intel(R) Core(TM) i7-4510U CPU @ 2.00GHz, 4 cores, 7G,  Windows 10 , 64 bit Build 19041 (10.0.19041.2788)
Time: Wed May 10 20:58:55 2023 Eastern Daylight Time elapsed time: 0.065758 seconds (0d 0h 0m 0s)

---------------  T H R E A D  ---------------

Current thread (0x000002485c716290):  JavaThread "Unknown thread" [_thread_in_vm, id=11136, stack(0x000000ef00f00000,0x000000ef01000000)]

Stack: [0x000000ef00f00000,0x000000ef01000000]
Native frames: (J=compiled Java code, j=interpreted, Vv=VM code, C=native code)
V  [jvm.dll+0x6d034a]
V  [jvm.dll+0x880f10]
V  [jvm.dll+0x88289e]
V  [jvm.dll+0x882f43]
V  [jvm.dll+0x27b4bb]
V  [jvm.dll+0x6cd13a]
V  [jvm.dll+0x6c1d3a]
V  [jvm.dll+0x351969]
V  [jvm.dll+0x359076]
V  [jvm.dll+0x3ad28a]
V  [jvm.dll+0x3ad4cf]
V  [jvm.dll+0x3261ea]
V  [jvm.dll+0x3270a2]
V  [jvm.dll+0x84d530]
V  [jvm.dll+0x3ba241]
V  [jvm.dll+0x82f013]
V  [jvm.dll+0x43a3c3]
V  [jvm.dll+0x43bdf1]
C  [jli.dll+0x519f]
C  [ucrtbase.dll+0x21bb2]
C  [KERNEL32.DLL+0x17604]
C  [ntdll.dll+0x526a1]


---------------  P R O C E S S  ---------------

Threads class SMR info:
_java_thread_list=0x00007ffec7ccace8, length=0, elements={
}

Java Threads: ( => current thread )

Other Threads:
  0x000002485c773ee0 WorkerThread "GC Thread#0" [stack: 0x000000ef01000000,0x000000ef01100000] [id=12756]
  0x000002485c785c10 ConcurrentGCThread "G1 Main Marker" [stack: 0x000000ef01100000,0x000000ef01200000] [id=10836]
  0x000002485c7867e0 WorkerThread "G1 Conc#0" [stack: 0x000000ef01200000,0x000000ef01300000] [id=4852]

[error occurred during error reporting (printing all threads), id 0xc0000005, EXCEPTION_ACCESS_VIOLATION (0xc0000005) at pc=0x00007ffec74675f7]

VM state: not at safepoint (not fully initialized)

VM Mutex/Monitor currently owned by a thread:  ([mutex/lock_event])
[0x000002485c711700] Heap_lock - owner thread: 0x000002485c716290

Heap address: 0x0000000081200000, size: 2030 MB, Compressed Oops mode: 32-bit

CDS archive(s) mapped at: [0x0000000000000000-0x0000000000000000-0x0000000000000000), size 0, SharedBaseAddress: 0x0000000800000000, ArchiveRelocationMode: 0.
Narrow klass base: 0x0000000000000000, Narrow klass shift: 0, Narrow klass range: 0x0

GC Precious Log:
 CardTable entry size: 512
 Card Set container configuration: InlinePtr #cards 5 size 8 Array Of Cards #cards 12 size 40 Howl #buckets 4 coarsen threshold 1843 Howl Bitmap #cards 512 size 80 coarsen threshold 460 Card regions per heap region 1 cards per card region 2048

Heap:
 garbage-first heap   total 0K, used 0K [0x0000000081200000, 0x0000000100000000)
  region size 1024K, 0 young (0K), 0 survivors (0K)

[error occurred during error reporting (printing heap information), id 0xc0000005, EXCEPTION_ACCESS_VIOLATION (0xc0000005) at pc=0x00007ffec7858059]

GC Heap History (0 events):
No events

Dll operation events (1 events):
Event: 0.040 Loaded shared library C:\Users\Jordang1995\.jdks\corretto-19.0.2\bin\java.dll

Deoptimization events (0 events):
No events

Classes loaded (0 events):
No events

Classes unloaded (0 events):
No events

Classes redefined (0 events):
No events

Internal exceptions (0 events):
No events

VM Operations (0 events):
No events

Events (0 events):
No events


Dynamic libraries:
0x00007ff79f6a0000 - 0x00007ff79f6ad000 	C:\Users\Jordang1995\.jdks\corretto-19.0.2\bin\java.exe
0x00007ffeff750000 - 0x00007ffeff948000 	C:\WINDOWS\SYSTEM32\ntdll.dll
0x00007ffefe080000 - 0x00007ffefe13f000 	C:\WINDOWS\System32\KERNEL32.DLL
0x00007ffefcfb0000 - 0x00007ffefd28a000 	C:\WINDOWS\System32\KERNELBASE.dll
0x00007ffefd290000 - 0x00007ffefd390000 	C:\WINDOWS\System32\ucrtbase.dll
0x00007ffee63b0000 - 0x00007ffee63c7000 	C:\Users\Jordang1995\.jdks\corretto-19.0.2\bin\jli.dll
0x00007ffefd8f0000 - 0x00007ffefda8d000 	C:\WINDOWS\System32\USER32.dll
0x00007ffefcf80000 - 0x00007ffefcfa2000 	C:\WINDOWS\System32\win32u.dll
0x00007ffefef90000 - 0x00007ffefefbb000 	C:\WINDOWS\System32\GDI32.dll
0x00007ffefd6a0000 - 0x00007ffefd7b0000 	C:\WINDOWS\System32\gdi32full.dll
0x00007ffefcee0000 - 0x00007ffefcf7d000 	C:\WINDOWS\System32\msvcp_win.dll
0x00007ffee6890000 - 0x00007ffee68a5000 	C:\Users\Jordang1995\.jdks\corretto-19.0.2\bin\VCRUNTIME140.dll
0x00007ffee3730000 - 0x00007ffee39ca000 	C:\WINDOWS\WinSxS\amd64_microsoft.windows.common-controls_6595b64144ccf1df_6.0.19041.1110_none_60b5254171f9507e\COMCTL32.dll
0x00007ffefe4a0000 - 0x00007ffefe53e000 	C:\WINDOWS\System32\msvcrt.dll
0x00007ffefe370000 - 0x00007ffefe3a0000 	C:\WINDOWS\System32\IMM32.DLL
0x00007ffedcb80000 - 0x00007ffedcc1b000 	C:\Users\Jordang1995\.jdks\corretto-19.0.2\bin\msvcp140.dll
0x00007ffec7130000 - 0x00007ffec7e09000 	C:\Users\Jordang1995\.jdks\corretto-19.0.2\bin\server\jvm.dll
0x00007ffefe2c0000 - 0x00007ffefe36e000 	C:\WINDOWS\System32\ADVAPI32.dll
0x00007ffefe140000 - 0x00007ffefe1dc000 	C:\WINDOWS\System32\sechost.dll
0x00007ffefec90000 - 0x00007ffefedb6000 	C:\WINDOWS\System32\RPCRT4.dll
0x00007ffefb590000 - 0x00007ffefb599000 	C:\WINDOWS\SYSTEM32\WSOCK32.dll
0x00007ffefe420000 - 0x00007ffefe48b000 	C:\WINDOWS\System32\WS2_32.dll
0x00007ffee9b30000 - 0x00007ffee9b57000 	C:\WINDOWS\SYSTEM32\WINMM.dll
0x00007ffef7d20000 - 0x00007ffef7d2a000 	C:\WINDOWS\SYSTEM32\VERSION.dll
0x00007ffefb6c0000 - 0x00007ffefb6d2000 	C:\WINDOWS\SYSTEM32\kernel.appcore.dll
0x00007ffeeb660000 - 0x00007ffeeb66a000 	C:\Users\Jordang1995\.jdks\corretto-19.0.2\bin\jimage.dll
0x00007ffef5070000 - 0x00007ffef5254000 	C:\WINDOWS\SYSTEM32\DBGHELP.DLL
0x00007ffee6850000 - 0x00007ffee6884000 	C:\WINDOWS\SYSTEM32\dbgcore.DLL
0x00007ffefd610000 - 0x00007ffefd692000 	C:\WINDOWS\System32\bcryptPrimitives.dll
0x00007ffeeb360000 - 0x00007ffeeb36e000 	C:\Users\Jordang1995\.jdks\corretto-19.0.2\bin\instrument.dll
0x00007ffee6380000 - 0x00007ffee63a6000 	C:\Users\Jordang1995\.jdks\corretto-19.0.2\bin\java.dll

dbghelp: loaded successfully - version: 4.0.5 - missing functions: none
symbol engine: initialized successfully - sym options: 0x614 - pdb path: .;C:\Users\Jordang1995\.jdks\corretto-19.0.2\bin;C:\WINDOWS\SYSTEM32;C:\WINDOWS\WinSxS\amd64_microsoft.windows.common-controls_6595b64144ccf1df_6.0.19041.1110_none_60b5254171f9507e;C:\Users\Jordang1995\.jdks\corretto-19.0.2\bin\server

VM Arguments:
jvm_args: -javaagent:C:\Program Files\JetBrains\IntelliJ IDEA 2022.3.2\lib\idea_rt.jar=2510:C:\Program Files\JetBrains\IntelliJ IDEA 2022.3.2\bin -Dfile.encoding=UTF-8 -Dsun.stdout.encoding=UTF-8 -Dsun.stderr.encoding=UTF-8 
java_command: Main
java_class_path (initial): C:\Users\Jordang1995\Desktop\Database Management\RestaurantDBMS\out\production\DatabaseProject;C:\Program Files (x86)\MySQL\Connector J 8.0\mysql-connector-j-8.0.33.jar
Launcher Type: SUN_STANDARD

[Global flags]
     intx CICompilerCount                          = 3                                         {product} {ergonomic}
     uint ConcGCThreads                            = 1                                         {product} {ergonomic}
     uint G1ConcRefinementThreads                  = 4                                         {product} {ergonomic}
   size_t G1HeapRegionSize                         = 1048576                                   {product} {ergonomic}
    uintx GCDrainStackTargetSize                   = 64                                        {product} {ergonomic}
   size_t InitialHeapSize                          = 134217728                                 {product} {ergonomic}
   size_t MarkStackSize                            = 4194304                                   {product} {ergonomic}
   size_t MaxHeapSize                              = 2128609280                                {product} {ergonomic}
   size_t MinHeapDeltaBytes                        = 1048576                                   {product} {ergonomic}
   size_t MinHeapSize                              = 8388608                                   {product} {ergonomic}
    uintx NonNMethodCodeHeapSize                   = 5832780                                {pd product} {ergonomic}
    uintx NonProfiledCodeHeapSize                  = 122912730                              {pd product} {ergonomic}
    uintx ProfiledCodeHeapSize                     = 122912730                              {pd product} {ergonomic}
    uintx ReservedCodeCacheSize                    = 251658240                              {pd product} {ergonomic}
     bool SegmentedCodeCache                       = true                                      {product} {ergonomic}
   size_t SoftMaxHeapSize                          = 2128609280                             {manageable} {ergonomic}
     bool UseCompressedClassPointers               = true                           {product lp64_product} {ergonomic}
     bool UseCompressedOops                        = true                           {product lp64_product} {ergonomic}
     bool UseG1GC                                  = true                                      {product} {ergonomic}
     bool UseLargePagesIndividualAllocation        = false                                  {pd product} {ergonomic}

Logging:
Log output configuration:
 #0: stdout all=warning uptime,level,tags foldmultilines=false
 #1: stderr all=off uptime,level,tags foldmultilines=false

Environment Variables:
PATH=C:\Program Files\Common Files\Oracle\Java\javapath;C:\Program Files (x86)\Common Files\Oracle\Java\javapath;C:\Program Files (x86)\Intel\iCLS Client\;C:\Program Files\Intel\iCLS Client\;C:\WINDOWS\system32;C:\WINDOWS;C:\WINDOWS\System32\Wbem;C:\WINDOWS\System32\WindowsPowerShell\v1.0\;C:\Program Files\Intel\Intel(R) Management Engine Components\DAL;C:\Program Files\Intel\Intel(R) Management Engine Components\IPT;C:\Program Files (x86)\Intel\Intel(R) Management Engine Components\DAL;C:\Program Files (x86)\Intel\Intel(R) Management Engine Components\IPT;C:\WINDOWS\System32\OpenSSH\;C:\Program Files\Intel\WiFi\bin\;C:\Program Files\Common Files\Intel\WirelessCommon\;C:\Strawberry\c\bin;C:\Strawberry\perl\site\bin;C:\Strawberry\perl\bin;C:\Program Files\Wolfram Research\WolframScript\;C:\Program Files\Docker\Docker\resources\bin;C:\Program Files\SlikSvn\bin;C:\Program Files\Git\cmd;C:\Program Files\MySQL\MySQL Shell 8.0\bin\;C:\Users\Jordang1995\AppData\Local\Microsoft\WindowsApps;C:\Users\Jordang1995\AppData\Local\Programs\Microsoft VS Code\bin;C:\Users\Jordang1995\AppData\Local\GitHubDesktop\bin
USERNAME=Jordang1995
OS=Windows_NT
PROCESSOR_IDENTIFIER=Intel64 Family 6 Model 69 Stepping 1, GenuineIntel
TMP=C:\Users\JORDAN~1\AppData\Local\Temp
TEMP=C:\Users\JORDAN~1\AppData\Local\Temp



---------------  S Y S T E M  ---------------

OS:
 Windows 10 , 64 bit Build 19041 (10.0.19041.2788)
OS uptime: 2 days 2:29 hours
Hyper-V role detected

CPU: total 4 (initial active 4) (2 cores per cpu, 2 threads per core) family 6 model 69 stepping 1 microcode 0x25, cx8, cmov, fxsr, ht, mmx, sse, sse2, sse3, ssse3, sse4.1, sse4.2, popcnt, lzcnt, tsc, tscinvbit, avx, avx2, aes, erms, clmul, bmi1, bmi2, fma, vzeroupper, clflush, hv, rdtscp

Memory: 4k page, system-wide physical 8113M (1183M free)
TotalPageFile size 8129M (AvailPageFile size 43M)
current process WorkingSet (physical memory assigned to process): 10M, peak: 10M
current process commit charge ("private bytes"): 51M, peak: 179M

vm_info: OpenJDK 64-Bit Server VM (19.0.2+7-FR) for windows-amd64 JRE (19.0.2+7-FR), built on Jan 13 2023 22:53:32 by "Administrator" with MS VC++ 15.9 (VS2017)

END.
